<?xml version="1.0" encoding="UTF-8"?>
<testsuite xmlns:xsi="http://www.w3.org/2001/XMLSchema-instance" xsi:noNamespaceSchemaLocation="https://maven.apache.org/surefire/maven-surefire-plugin/xsd/surefire-test-report.xsd" name="com.rifugio.AnimalFactoryTest" time="0.062" tests="3" errors="0" skipped="0" failures="0">
  <properties>
[...]
</properties>
  <testcase name="testAnimalFactoryCreatesCorrectType" classname="com.rifugio.AnimalFactoryTest" time="0.042"/>
  <testcase name="testAnimalFactorySetsDataCorrectly" classname="com.rifugio.AnimalFactoryTest" time="0.003"/>
  <testcase name="testAnimalFactoryThrowsExceptionForInvalidType" classname="com.rifugio.AnimalFactoryTest" time="0.004"/>
</testsuite>